<?xml version="1.0" encoding="UTF-8"?>
<!-- Generated by org.testng.reporters.JUnitXMLReporter -->
<testsuite ignored="0" hostname="DESKTOP-G965QI4" failures="0" tests="3" name="Test" time="70.025" errors="0" timestamp="2024-02-05T14:59:34 IST">
  <testcase classname="demo99.testscripts.RegisterTest" name="getUrl" time="7.739"/>
  <testcase classname="demo99.testscripts.RegisterTest" name="getUrl" time="10.01"/>
  <testcase classname="demo99.testscripts.RegisterTest" name="secondTest" time="3.998"/>
</testsuite> <!-- Test -->
