<?xml version="1.0" encoding="UTF-8"?>
<testng-results ignored="0" total="3" passed="3" failed="0" skipped="0">
  <reporter-output>
  </reporter-output>
  <suite started-at="2024-02-05T14:58:24 IST" name="Suite" finished-at="2024-02-05T14:59:34 IST" duration-ms="70025">
    <groups>
    </groups>
    <test started-at="2024-02-05T14:58:24 IST" name="Test" finished-at="2024-02-05T14:59:34 IST" duration-ms="70025">
      <class name="demo99.testscripts.RegisterTest">
        <test-method is-config="true" signature="config()[pri:0, instance:demo99.testscripts.RegisterTest@7f485fda]" started-at="2024-02-05T14:58:26 IST" name="config" finished-at="2024-02-05T14:58:26 IST" duration-ms="554" status="PASS">
          <reporter-output>
          </reporter-output>
        </test-method> <!-- config -->
        <test-method is-config="true" signature="initialization(java.lang.String)[pri:0, instance:demo99.testscripts.RegisterTest@7f485fda]" started-at="2024-02-05T14:58:26 IST" name="initialization" finished-at="2024-02-05T14:58:43 IST" duration-ms="16873" status="PASS">
          <params>
            <param index="0">
              <value>
                <![CDATA[chrome]]>
              </value>
            </param>
          </params>
          <reporter-output>
          </reporter-output>
        </test-method> <!-- initialization -->
        <test-method signature="getUrl(java.lang.String,java.lang.String,java.lang.String,java.lang.String,java.lang.String,java.lang.String,java.lang.String,java.lang.String,java.lang.String,java.lang.String,java.lang.String,java.lang.String)[pri:0, instance:demo99.testscripts.RegisterTest@7f485fda]" started-at="2024-02-05T14:58:43 IST" name="getUrl" data-provider="register" finished-at="2024-02-05T14:58:51 IST" duration-ms="7739" status="PASS">
          <params>
            <param index="0">
              <value>
                <![CDATA[harsha]]>
              </value>
            </param>
            <param index="1">
              <value>
                <![CDATA[p]]>
              </value>
            </param>
            <param index="2">
              <value>
                <![CDATA[7878787878]]>
              </value>
            </param>
            <param index="3">
              <value>
                <![CDATA[harsha1@gmail.com]]>
              </value>
            </param>
            <param index="4">
              <value>
                <![CDATA[asd]]>
              </value>
            </param>
            <param index="5">
              <value>
                <![CDATA[bng]]>
              </value>
            </param>
            <param index="6">
              <value>
                <![CDATA[kntaka]]>
              </value>
            </param>
            <param index="7">
              <value>
                <![CDATA[560023]]>
              </value>
            </param>
            <param index="8">
              <value>
                <![CDATA[ALBANIA]]>
              </value>
            </param>
            <param index="9">
              <value>
                <![CDATA[hr123]]>
              </value>
            </param>
            <param index="10">
              <value>
                <![CDATA[123123]]>
              </value>
            </param>
            <param index="11">
              <value>
                <![CDATA[123123]]>
              </value>
            </param>
          </params>
          <reporter-output>
          </reporter-output>
        </test-method> <!-- getUrl -->
        <test-method is-config="true" signature="config()[pri:0, instance:demo99.testscripts.RegisterTest@7f485fda]" started-at="2024-02-05T14:58:51 IST" name="config" finished-at="2024-02-05T14:58:51 IST" duration-ms="2" status="PASS">
          <reporter-output>
          </reporter-output>
        </test-method> <!-- config -->
        <test-method is-config="true" signature="initialization(java.lang.String)[pri:0, instance:demo99.testscripts.RegisterTest@7f485fda]" started-at="2024-02-05T14:58:51 IST" name="initialization" finished-at="2024-02-05T14:59:06 IST" duration-ms="14874" status="PASS">
          <params>
            <param index="0">
              <value>
                <![CDATA[chrome]]>
              </value>
            </param>
          </params>
          <reporter-output>
          </reporter-output>
        </test-method> <!-- initialization -->
        <test-method signature="getUrl(java.lang.String,java.lang.String,java.lang.String,java.lang.String,java.lang.String,java.lang.String,java.lang.String,java.lang.String,java.lang.String,java.lang.String,java.lang.String,java.lang.String)[pri:0, instance:demo99.testscripts.RegisterTest@7f485fda]" started-at="2024-02-05T14:59:06 IST" name="getUrl" data-provider="register" finished-at="2024-02-05T14:59:16 IST" duration-ms="10010" status="PASS">
          <params>
            <param index="0">
              <value>
                <![CDATA[kathri]]>
              </value>
            </param>
            <param index="1">
              <value>
                <![CDATA[p]]>
              </value>
            </param>
            <param index="2">
              <value>
                <![CDATA[8963256987]]>
              </value>
            </param>
            <param index="3">
              <value>
                <![CDATA[kath1@gmail.com]]>
              </value>
            </param>
            <param index="4">
              <value>
                <![CDATA[ashhhd]]>
              </value>
            </param>
            <param index="5">
              <value>
                <![CDATA[pkl]]>
              </value>
            </param>
            <param index="6">
              <value>
                <![CDATA[ghjj]]>
              </value>
            </param>
            <param index="7">
              <value>
                <![CDATA[895632]]>
              </value>
            </param>
            <param index="8">
              <value>
                <![CDATA[ALBANIA]]>
              </value>
            </param>
            <param index="9">
              <value>
                <![CDATA[kath1223]]>
              </value>
            </param>
            <param index="10">
              <value>
                <![CDATA[8963256]]>
              </value>
            </param>
            <param index="11">
              <value>
                <![CDATA[8963256]]>
              </value>
            </param>
          </params>
          <reporter-output>
          </reporter-output>
        </test-method> <!-- getUrl -->
        <test-method is-config="true" signature="config()[pri:0, instance:demo99.testscripts.RegisterTest@7f485fda]" started-at="2024-02-05T14:59:16 IST" name="config" finished-at="2024-02-05T14:59:16 IST" duration-ms="1" status="PASS">
          <reporter-output>
          </reporter-output>
        </test-method> <!-- config -->
        <test-method is-config="true" signature="initialization(java.lang.String)[pri:0, instance:demo99.testscripts.RegisterTest@7f485fda]" started-at="2024-02-05T14:59:16 IST" name="initialization" finished-at="2024-02-05T14:59:30 IST" duration-ms="13931" status="PASS">
          <params>
            <param index="0">
              <value>
                <![CDATA[chrome]]>
              </value>
            </param>
          </params>
          <reporter-output>
          </reporter-output>
        </test-method> <!-- initialization -->
        <test-method signature="secondTest()[pri:0, instance:demo99.testscripts.RegisterTest@7f485fda]" started-at="2024-02-05T14:59:30 IST" name="secondTest" finished-at="2024-02-05T14:59:34 IST" duration-ms="3998" status="PASS">
          <reporter-output>
          </reporter-output>
        </test-method> <!-- secondTest -->
      </class> <!-- demo99.testscripts.RegisterTest -->
    </test> <!-- Test -->
  </suite> <!-- Suite -->
</testng-results>
